<?xml version="1.0" encoding="UTF-8"?>
<!-- Generated by org.testng.reporters.JUnitReportReporter -->
<testsuite hostname="LAPTOP-IM3ORJ1K" failures="0" tests="1" name="com.testCases.TC_01_LoginTest_01" time="4.585" errors="0" timestamp="15 Jan 2022 12:57:29 GMT" skipped="0">
  <testcase classname="com.testCases.TC_01_LoginTest_01" name="loginTest" time="4.585"/>
</testsuite> <!-- com.testCases.TC_01_LoginTest_01 -->
